<?xml version="1.0" encoding="UTF-8"?>
<!-- Generated by org.testng.reporters.JUnitReportReporter -->
<testsuite skipped="0" hostname="DESKTOP-96NNTLC" name="scripts.Addtocart" tests="1" failures="0" timestamp="2021-09-05T15:29:54 IST" time="622.494" errors="0">
  <testcase name="tc1" time="622.494" classname="scripts.Addtocart"/>
  <system-out>
    <![CDATA[SkillRary Courses]]>
  </system-out>
</testsuite> <!-- scripts.Addtocart -->
